[0.075s] DEBUG:colcon:Command line arguments: ['/usr/bin/colcon', 'build', '--symlink-install']
[0.075s] DEBUG:colcon:Parsed command line arguments: Namespace(log_base=None, log_level=None, verb_name='build', build_base='build', install_base='install', merge_install=False, symlink_install=True, test_result_base=None, continue_on_error=False, executor='parallel', parallel_workers=8, event_handlers=None, ignore_user_meta=False, metas=['./colcon.meta'], base_paths=['.'], packages_ignore=None, packages_ignore_regex=None, paths=None, packages_up_to=None, packages_up_to_regex=None, packages_above=None, packages_above_and_dependencies=None, packages_above_depth=None, packages_select_by_dep=None, packages_skip_by_dep=None, packages_skip_up_to=None, packages_select_build_failed=False, packages_skip_build_finished=False, packages_select_test_failures=False, packages_skip_test_passed=False, packages_select=None, packages_skip=None, packages_select_regex=None, packages_skip_regex=None, packages_start=None, packages_end=None, allow_overriding=[], cmake_args=None, cmake_target=None, cmake_target_skip_unavailable=False, cmake_clean_cache=False, cmake_clean_first=False, cmake_force_configure=False, ament_cmake_args=None, catkin_cmake_args=None, catkin_skip_building_tests=False, verb_parser=<colcon_defaults.argument_parser.defaults.DefaultArgumentsDecorator object at 0x788625cc5930>, verb_extension=<colcon_core.verb.build.BuildVerb object at 0x788625c3eec0>, main=<bound method BuildVerb.main of <colcon_core.verb.build.BuildVerb object at 0x788625c3eec0>>)
[0.098s] Level 1:colcon.colcon_core.package_discovery:discover_packages(colcon_meta) check parameters
[0.098s] Level 1:colcon.colcon_core.package_discovery:discover_packages(recursive) check parameters
[0.098s] Level 1:colcon.colcon_core.package_discovery:discover_packages(ignore) check parameters
[0.098s] Level 1:colcon.colcon_core.package_discovery:discover_packages(path) check parameters
[0.098s] Level 1:colcon.colcon_core.package_discovery:discover_packages(colcon_meta) discover
[0.098s] Level 1:colcon.colcon_core.package_discovery:discover_packages(recursive) discover
[0.098s] INFO:colcon.colcon_core.package_discovery:Crawling recursively for packages in '/home/rituraj/Northeastern_University/MR/final_project/clothoid_path_ws'
[0.098s] Level 1:colcon.colcon_core.package_identification:_identify(.) by extensions ['ignore', 'ignore_ament_install']
[0.098s] Level 1:colcon.colcon_core.package_identification:_identify(.) by extension 'ignore'
[0.098s] Level 1:colcon.colcon_core.package_identification:_identify(.) by extension 'ignore_ament_install'
[0.098s] Level 1:colcon.colcon_core.package_identification:_identify(.) by extensions ['colcon_pkg']
[0.098s] Level 1:colcon.colcon_core.package_identification:_identify(.) by extension 'colcon_pkg'
[0.098s] Level 1:colcon.colcon_core.package_identification:_identify(.) by extensions ['colcon_meta']
[0.098s] Level 1:colcon.colcon_core.package_identification:_identify(.) by extension 'colcon_meta'
[0.098s] Level 1:colcon.colcon_core.package_identification:_identify(.) by extensions ['ros']
[0.098s] Level 1:colcon.colcon_core.package_identification:_identify(.) by extension 'ros'
[0.108s] Level 1:colcon.colcon_core.package_identification:_identify(.) by extensions ['cmake', 'python']
[0.108s] Level 1:colcon.colcon_core.package_identification:_identify(.) by extension 'cmake'
[0.108s] Level 1:colcon.colcon_core.package_identification:_identify(.) by extension 'python'
[0.108s] Level 1:colcon.colcon_core.package_identification:_identify(.) by extensions ['python_setup_py']
[0.108s] Level 1:colcon.colcon_core.package_identification:_identify(.) by extension 'python_setup_py'
[0.108s] Level 1:colcon.colcon_core.package_identification:_identify(build) by extensions ['ignore', 'ignore_ament_install']
[0.108s] Level 1:colcon.colcon_core.package_identification:_identify(build) by extension 'ignore'
[0.108s] Level 1:colcon.colcon_core.package_identification:_identify(build) ignored
[0.108s] Level 1:colcon.colcon_core.package_identification:_identify(install) by extensions ['ignore', 'ignore_ament_install']
[0.108s] Level 1:colcon.colcon_core.package_identification:_identify(install) by extension 'ignore'
[0.108s] Level 1:colcon.colcon_core.package_identification:_identify(install) ignored
[0.108s] Level 1:colcon.colcon_core.package_identification:_identify(log) by extensions ['ignore', 'ignore_ament_install']
[0.108s] Level 1:colcon.colcon_core.package_identification:_identify(log) by extension 'ignore'
[0.108s] Level 1:colcon.colcon_core.package_identification:_identify(log) ignored
[0.108s] Level 1:colcon.colcon_core.package_identification:_identify(src) by extensions ['ignore', 'ignore_ament_install']
[0.108s] Level 1:colcon.colcon_core.package_identification:_identify(src) by extension 'ignore'
[0.109s] Level 1:colcon.colcon_core.package_identification:_identify(src) by extension 'ignore_ament_install'
[0.109s] Level 1:colcon.colcon_core.package_identification:_identify(src) by extensions ['colcon_pkg']
[0.109s] Level 1:colcon.colcon_core.package_identification:_identify(src) by extension 'colcon_pkg'
[0.109s] Level 1:colcon.colcon_core.package_identification:_identify(src) by extensions ['colcon_meta']
[0.109s] Level 1:colcon.colcon_core.package_identification:_identify(src) by extension 'colcon_meta'
[0.109s] Level 1:colcon.colcon_core.package_identification:_identify(src) by extensions ['ros']
[0.109s] Level 1:colcon.colcon_core.package_identification:_identify(src) by extension 'ros'
[0.109s] Level 1:colcon.colcon_core.package_identification:_identify(src) by extensions ['cmake', 'python']
[0.109s] Level 1:colcon.colcon_core.package_identification:_identify(src) by extension 'cmake'
[0.109s] Level 1:colcon.colcon_core.package_identification:_identify(src) by extension 'python'
[0.109s] Level 1:colcon.colcon_core.package_identification:_identify(src) by extensions ['python_setup_py']
[0.109s] Level 1:colcon.colcon_core.package_identification:_identify(src) by extension 'python_setup_py'
[0.109s] Level 1:colcon.colcon_core.package_identification:_identify(src/path_controller) by extensions ['ignore', 'ignore_ament_install']
[0.109s] Level 1:colcon.colcon_core.package_identification:_identify(src/path_controller) by extension 'ignore'
[0.109s] Level 1:colcon.colcon_core.package_identification:_identify(src/path_controller) by extension 'ignore_ament_install'
[0.109s] Level 1:colcon.colcon_core.package_identification:_identify(src/path_controller) by extensions ['colcon_pkg']
[0.109s] Level 1:colcon.colcon_core.package_identification:_identify(src/path_controller) by extension 'colcon_pkg'
[0.109s] Level 1:colcon.colcon_core.package_identification:_identify(src/path_controller) by extensions ['colcon_meta']
[0.109s] Level 1:colcon.colcon_core.package_identification:_identify(src/path_controller) by extension 'colcon_meta'
[0.109s] Level 1:colcon.colcon_core.package_identification:_identify(src/path_controller) by extensions ['ros']
[0.109s] Level 1:colcon.colcon_core.package_identification:_identify(src/path_controller) by extension 'ros'
[0.111s] DEBUG:colcon.colcon_core.package_identification:Package 'src/path_controller' with type 'ros.ament_python' and name 'path_controller'
[0.111s] Level 1:colcon.colcon_core.package_discovery:discover_packages(recursive) using defaults
[0.111s] Level 1:colcon.colcon_core.package_discovery:discover_packages(ignore) discover
[0.111s] Level 1:colcon.colcon_core.package_discovery:discover_packages(ignore) using defaults
[0.111s] Level 1:colcon.colcon_core.package_discovery:discover_packages(path) discover
[0.111s] Level 1:colcon.colcon_core.package_discovery:discover_packages(path) using defaults
[0.124s] Level 1:colcon.colcon_core.package_discovery:discover_packages(prefix_path) check parameters
[0.124s] Level 1:colcon.colcon_core.package_discovery:discover_packages(prefix_path) discover
[0.124s] WARNING:colcon.colcon_ros.prefix_path.ament:The path '/home/rituraj/Northeastern_University/MR/final_project/clothoid_path_ws/install/path_controller' in the environment variable AMENT_PREFIX_PATH doesn't exist
[0.125s] DEBUG:colcon.colcon_installed_package_information.package_discovery:Found 0 installed packages in /home/rituraj/Northeastern_University/MR/final_project/clothoid_path_ws/install
[0.126s] DEBUG:colcon.colcon_installed_package_information.package_discovery:Found 32 installed packages in /home/rituraj/interbotix_ws/install
[0.127s] DEBUG:colcon.colcon_installed_package_information.package_discovery:Found 487 installed packages in /opt/ros/humble
[0.129s] Level 1:colcon.colcon_core.package_discovery:discover_packages(prefix_path) using defaults
[0.172s] Level 5:colcon.colcon_core.verb:set package 'path_controller' build argument 'cmake_args' from command line to 'None'
[0.172s] Level 5:colcon.colcon_core.verb:set package 'path_controller' build argument 'cmake_target' from command line to 'None'
[0.172s] Level 5:colcon.colcon_core.verb:set package 'path_controller' build argument 'cmake_target_skip_unavailable' from command line to 'False'
[0.172s] Level 5:colcon.colcon_core.verb:set package 'path_controller' build argument 'cmake_clean_cache' from command line to 'False'
[0.172s] Level 5:colcon.colcon_core.verb:set package 'path_controller' build argument 'cmake_clean_first' from command line to 'False'
[0.172s] Level 5:colcon.colcon_core.verb:set package 'path_controller' build argument 'cmake_force_configure' from command line to 'False'
[0.172s] Level 5:colcon.colcon_core.verb:set package 'path_controller' build argument 'ament_cmake_args' from command line to 'None'
[0.172s] Level 5:colcon.colcon_core.verb:set package 'path_controller' build argument 'catkin_cmake_args' from command line to 'None'
[0.172s] Level 5:colcon.colcon_core.verb:set package 'path_controller' build argument 'catkin_skip_building_tests' from command line to 'False'
[0.172s] DEBUG:colcon.colcon_core.verb:Building package 'path_controller' with the following arguments: {'ament_cmake_args': None, 'build_base': '/home/rituraj/Northeastern_University/MR/final_project/clothoid_path_ws/build/path_controller', 'catkin_cmake_args': None, 'catkin_skip_building_tests': False, 'cmake_args': None, 'cmake_clean_cache': False, 'cmake_clean_first': False, 'cmake_force_configure': False, 'cmake_target': None, 'cmake_target_skip_unavailable': False, 'install_base': '/home/rituraj/Northeastern_University/MR/final_project/clothoid_path_ws/install/path_controller', 'merge_install': False, 'path': '/home/rituraj/Northeastern_University/MR/final_project/clothoid_path_ws/src/path_controller', 'symlink_install': True, 'test_result_base': None}
[0.172s] INFO:colcon.colcon_core.executor:Executing jobs using 'parallel' executor
[0.173s] DEBUG:colcon.colcon_parallel_executor.executor.parallel:run_until_complete
[0.173s] INFO:colcon.colcon_ros.task.ament_python.build:Building ROS package in '/home/rituraj/Northeastern_University/MR/final_project/clothoid_path_ws/src/path_controller' with build type 'ament_python'
[0.173s] Level 1:colcon.colcon_core.shell:create_environment_hook('path_controller', 'ament_prefix_path')
[0.174s] INFO:colcon.colcon_core.plugin_system:Skipping extension 'colcon_core.shell.bat': Not used on non-Windows systems
[0.174s] INFO:colcon.colcon_core.shell:Creating environment hook '/home/rituraj/Northeastern_University/MR/final_project/clothoid_path_ws/install/path_controller/share/path_controller/hook/ament_prefix_path.ps1'
[0.175s] INFO:colcon.colcon_core.shell:Creating environment descriptor '/home/rituraj/Northeastern_University/MR/final_project/clothoid_path_ws/install/path_controller/share/path_controller/hook/ament_prefix_path.dsv'
[0.175s] INFO:colcon.colcon_core.shell:Creating environment hook '/home/rituraj/Northeastern_University/MR/final_project/clothoid_path_ws/install/path_controller/share/path_controller/hook/ament_prefix_path.sh'
[0.175s] INFO:colcon.colcon_core.shell:Skip shell extension 'powershell' for command environment: Not usable outside of PowerShell
[0.176s] DEBUG:colcon.colcon_core.shell:Skip shell extension 'dsv' for command environment
[0.325s] INFO:colcon.colcon_core.task.python.build:Building Python package in '/home/rituraj/Northeastern_University/MR/final_project/clothoid_path_ws/src/path_controller'
[0.325s] INFO:colcon.colcon_core.shell:Skip shell extension 'powershell' for command environment: Not usable outside of PowerShell
[0.325s] DEBUG:colcon.colcon_core.shell:Skip shell extension 'dsv' for command environment
[0.752s] DEBUG:colcon.colcon_core.event_handler.log_command:Invoking command in '/home/rituraj/Northeastern_University/MR/final_project/clothoid_path_ws/build/path_controller': PYTHONPATH=/home/rituraj/Northeastern_University/MR/final_project/clothoid_path_ws/build/path_controller/prefix_override:/usr/lib/python3/dist-packages/colcon_core/task/python/colcon_distutils_commands:/home/rituraj/Northeastern_University/MR/final_project/clothoid_path_ws/install/path_controller/lib/python3.10/site-packages:${PYTHONPATH} /usr/bin/python3 -W ignore:setup.py install is deprecated -W ignore:easy_install command is deprecated setup.py develop --editable --build-directory /home/rituraj/Northeastern_University/MR/final_project/clothoid_path_ws/build/path_controller/build --no-deps symlink_data
[1.346s] Level 1:colcon.colcon_core.shell:create_environment_hook('path_controller', 'pythonpath_develop')
[1.346s] INFO:colcon.colcon_core.shell:Creating environment hook '/home/rituraj/Northeastern_University/MR/final_project/clothoid_path_ws/build/path_controller/share/path_controller/hook/pythonpath_develop.ps1'
[1.346s] DEBUG:colcon.colcon_core.event_handler.log_command:Invoked command in '/home/rituraj/Northeastern_University/MR/final_project/clothoid_path_ws/build/path_controller' returned '0': PYTHONPATH=/home/rituraj/Northeastern_University/MR/final_project/clothoid_path_ws/build/path_controller/prefix_override:/usr/lib/python3/dist-packages/colcon_core/task/python/colcon_distutils_commands:/home/rituraj/Northeastern_University/MR/final_project/clothoid_path_ws/install/path_controller/lib/python3.10/site-packages:${PYTHONPATH} /usr/bin/python3 -W ignore:setup.py install is deprecated -W ignore:easy_install command is deprecated setup.py develop --editable --build-directory /home/rituraj/Northeastern_University/MR/final_project/clothoid_path_ws/build/path_controller/build --no-deps symlink_data
[1.347s] INFO:colcon.colcon_core.shell:Creating environment descriptor '/home/rituraj/Northeastern_University/MR/final_project/clothoid_path_ws/build/path_controller/share/path_controller/hook/pythonpath_develop.dsv'
[1.347s] INFO:colcon.colcon_core.shell:Creating environment hook '/home/rituraj/Northeastern_University/MR/final_project/clothoid_path_ws/build/path_controller/share/path_controller/hook/pythonpath_develop.sh'
[1.349s] Level 1:colcon.colcon_core.environment:checking '/home/rituraj/Northeastern_University/MR/final_project/clothoid_path_ws/install/path_controller' for CMake module files
[1.349s] Level 1:colcon.colcon_core.environment:checking '/home/rituraj/Northeastern_University/MR/final_project/clothoid_path_ws/install/path_controller' for CMake config files
[1.349s] Level 1:colcon.colcon_core.environment:checking '/home/rituraj/Northeastern_University/MR/final_project/clothoid_path_ws/install/path_controller/lib'
[1.349s] Level 1:colcon.colcon_core.environment:checking '/home/rituraj/Northeastern_University/MR/final_project/clothoid_path_ws/install/path_controller/bin'
[1.349s] Level 1:colcon.colcon_core.environment:checking '/home/rituraj/Northeastern_University/MR/final_project/clothoid_path_ws/install/path_controller/lib/pkgconfig/path_controller.pc'
[1.350s] Level 1:colcon.colcon_core.environment:checking '/home/rituraj/Northeastern_University/MR/final_project/clothoid_path_ws/install/path_controller/lib/python3.10/site-packages'
[1.350s] Level 1:colcon.colcon_core.shell:create_environment_hook('path_controller', 'pythonpath')
[1.350s] INFO:colcon.colcon_core.shell:Creating environment hook '/home/rituraj/Northeastern_University/MR/final_project/clothoid_path_ws/install/path_controller/share/path_controller/hook/pythonpath.ps1'
[1.350s] INFO:colcon.colcon_core.shell:Creating environment descriptor '/home/rituraj/Northeastern_University/MR/final_project/clothoid_path_ws/install/path_controller/share/path_controller/hook/pythonpath.dsv'
[1.350s] INFO:colcon.colcon_core.shell:Creating environment hook '/home/rituraj/Northeastern_University/MR/final_project/clothoid_path_ws/install/path_controller/share/path_controller/hook/pythonpath.sh'
[1.351s] Level 1:colcon.colcon_core.environment:checking '/home/rituraj/Northeastern_University/MR/final_project/clothoid_path_ws/install/path_controller/bin'
[1.351s] Level 1:colcon.colcon_core.environment:create_environment_scripts_only(path_controller)
[1.351s] INFO:colcon.colcon_core.shell:Creating package script '/home/rituraj/Northeastern_University/MR/final_project/clothoid_path_ws/install/path_controller/share/path_controller/package.ps1'
[1.351s] INFO:colcon.colcon_core.shell:Creating package descriptor '/home/rituraj/Northeastern_University/MR/final_project/clothoid_path_ws/install/path_controller/share/path_controller/package.dsv'
[1.352s] INFO:colcon.colcon_core.shell:Creating package script '/home/rituraj/Northeastern_University/MR/final_project/clothoid_path_ws/install/path_controller/share/path_controller/package.sh'
[1.352s] INFO:colcon.colcon_core.shell:Creating package script '/home/rituraj/Northeastern_University/MR/final_project/clothoid_path_ws/install/path_controller/share/path_controller/package.bash'
[1.352s] INFO:colcon.colcon_core.shell:Creating package script '/home/rituraj/Northeastern_University/MR/final_project/clothoid_path_ws/install/path_controller/share/path_controller/package.zsh'
[1.353s] Level 1:colcon.colcon_core.environment:create_file_with_runtime_dependencies(/home/rituraj/Northeastern_University/MR/final_project/clothoid_path_ws/install/path_controller/share/colcon-core/packages/path_controller)
[1.353s] DEBUG:colcon.colcon_parallel_executor.executor.parallel:closing loop
[1.353s] DEBUG:colcon.colcon_parallel_executor.executor.parallel:loop closed
[1.353s] DEBUG:colcon.colcon_parallel_executor.executor.parallel:run_until_complete finished with '0'
[1.353s] DEBUG:colcon.colcon_core.event_reactor:joining thread
[1.357s] INFO:colcon.colcon_core.plugin_system:Skipping extension 'colcon_notification.desktop_notification.terminal_notifier': Not used on non-Darwin systems
[1.357s] INFO:colcon.colcon_core.plugin_system:Skipping extension 'colcon_notification.desktop_notification.win32': Not used on non-Windows systems
[1.357s] INFO:colcon.colcon_notification.desktop_notification:Sending desktop notification using 'notify2'
[1.364s] DEBUG:colcon.colcon_core.event_reactor:joined thread
[1.365s] INFO:colcon.colcon_core.shell:Creating prefix script '/home/rituraj/Northeastern_University/MR/final_project/clothoid_path_ws/install/local_setup.ps1'
[1.366s] INFO:colcon.colcon_core.shell:Creating prefix util module '/home/rituraj/Northeastern_University/MR/final_project/clothoid_path_ws/install/_local_setup_util_ps1.py'
[1.366s] INFO:colcon.colcon_core.shell:Creating prefix chain script '/home/rituraj/Northeastern_University/MR/final_project/clothoid_path_ws/install/setup.ps1'
[1.368s] INFO:colcon.colcon_core.shell:Creating prefix script '/home/rituraj/Northeastern_University/MR/final_project/clothoid_path_ws/install/local_setup.sh'
[1.368s] INFO:colcon.colcon_core.shell:Creating prefix util module '/home/rituraj/Northeastern_University/MR/final_project/clothoid_path_ws/install/_local_setup_util_sh.py'
[1.368s] INFO:colcon.colcon_core.shell:Creating prefix chain script '/home/rituraj/Northeastern_University/MR/final_project/clothoid_path_ws/install/setup.sh'
[1.369s] INFO:colcon.colcon_core.shell:Creating prefix script '/home/rituraj/Northeastern_University/MR/final_project/clothoid_path_ws/install/local_setup.bash'
[1.370s] INFO:colcon.colcon_core.shell:Creating prefix chain script '/home/rituraj/Northeastern_University/MR/final_project/clothoid_path_ws/install/setup.bash'
[1.372s] INFO:colcon.colcon_core.shell:Creating prefix script '/home/rituraj/Northeastern_University/MR/final_project/clothoid_path_ws/install/local_setup.zsh'
[1.373s] INFO:colcon.colcon_core.shell:Creating prefix chain script '/home/rituraj/Northeastern_University/MR/final_project/clothoid_path_ws/install/setup.zsh'
