running develop
running egg_info
creating path_controller.egg-info
writing path_controller.egg-info/PKG-INFO
writing dependency_links to path_controller.egg-info/dependency_links.txt
writing requirements to path_controller.egg-info/requires.txt
writing top-level names to path_controller.egg-info/top_level.txt
writing manifest file 'path_controller.egg-info/SOURCES.txt'
reading manifest file 'path_controller.egg-info/SOURCES.txt'
writing manifest file 'path_controller.egg-info/SOURCES.txt'
running build_ext
Creating /home/rituraj/Northeastern_University/MR/final_project/clothoid_path_ws/install/path_controller/lib/python3.10/site-packages/path-controller.egg-link (link to .)

Installed /home/rituraj/Northeastern_University/MR/final_project/clothoid_path_ws/build/path_controller
running symlink_data
creating /home/rituraj/Northeastern_University/MR/final_project/clothoid_path_ws/install/path_controller/share/ament_index/resource_index/packages
symbolically linking /home/rituraj/Northeastern_University/MR/final_project/clothoid_path_ws/build/path_controller/resource/path_controller -> /home/rituraj/Northeastern_University/MR/final_project/clothoid_path_ws/install/path_controller/share/ament_index/resource_index/packages
symbolically linking /home/rituraj/Northeastern_University/MR/final_project/clothoid_path_ws/build/path_controller/package.xml -> /home/rituraj/Northeastern_University/MR/final_project/clothoid_path_ws/install/path_controller/share/path_controller
creating /home/rituraj/Northeastern_University/MR/final_project/clothoid_path_ws/install/path_controller/share/path_controller/launch
symbolically linking /home/rituraj/Northeastern_University/MR/final_project/clothoid_path_ws/build/path_controller/launch/robot_spawn_launch.py -> /home/rituraj/Northeastern_University/MR/final_project/clothoid_path_ws/install/path_controller/share/path_controller/launch
symbolically linking /home/rituraj/Northeastern_University/MR/final_project/clothoid_path_ws/build/path_controller/launch/rsp_launch.py -> /home/rituraj/Northeastern_University/MR/final_project/clothoid_path_ws/install/path_controller/share/path_controller/launch
creating /home/rituraj/Northeastern_University/MR/final_project/clothoid_path_ws/install/path_controller/share/path_controller/description
symbolically linking /home/rituraj/Northeastern_University/MR/final_project/clothoid_path_ws/build/path_controller/description/materials.xacro -> /home/rituraj/Northeastern_University/MR/final_project/clothoid_path_ws/install/path_controller/share/path_controller/description
symbolically linking /home/rituraj/Northeastern_University/MR/final_project/clothoid_path_ws/build/path_controller/description/gazebo_control.xacro -> /home/rituraj/Northeastern_University/MR/final_project/clothoid_path_ws/install/path_controller/share/path_controller/description
symbolically linking /home/rituraj/Northeastern_University/MR/final_project/clothoid_path_ws/build/path_controller/description/car.urdf.xacro -> /home/rituraj/Northeastern_University/MR/final_project/clothoid_path_ws/install/path_controller/share/path_controller/description
symbolically linking /home/rituraj/Northeastern_University/MR/final_project/clothoid_path_ws/build/path_controller/description/inertial_macros.xacro -> /home/rituraj/Northeastern_University/MR/final_project/clothoid_path_ws/install/path_controller/share/path_controller/description
symbolically linking /home/rituraj/Northeastern_University/MR/final_project/clothoid_path_ws/build/path_controller/description/car_chassis.xacro -> /home/rituraj/Northeastern_University/MR/final_project/clothoid_path_ws/install/path_controller/share/path_controller/description
creating /home/rituraj/Northeastern_University/MR/final_project/clothoid_path_ws/install/path_controller/share/path_controller/config
symbolically linking /home/rituraj/Northeastern_University/MR/final_project/clothoid_path_ws/build/path_controller/config/my_controllers.yaml -> /home/rituraj/Northeastern_University/MR/final_project/clothoid_path_ws/install/path_controller/share/path_controller/config
creating /home/rituraj/Northeastern_University/MR/final_project/clothoid_path_ws/install/path_controller/share/path_controller/worlds
symbolically linking /home/rituraj/Northeastern_University/MR/final_project/clothoid_path_ws/build/path_controller/worlds/mcity.world -> /home/rituraj/Northeastern_University/MR/final_project/clothoid_path_ws/install/path_controller/share/path_controller/worlds
symbolically linking /home/rituraj/Northeastern_University/MR/final_project/clothoid_path_ws/build/path_controller/worlds/building_room.world -> /home/rituraj/Northeastern_University/MR/final_project/clothoid_path_ws/install/path_controller/share/path_controller/worlds
symbolically linking /home/rituraj/Northeastern_University/MR/final_project/clothoid_path_ws/build/path_controller/worlds/empty.world -> /home/rituraj/Northeastern_University/MR/final_project/clothoid_path_ws/install/path_controller/share/path_controller/worlds
