[0.579s] Invoking command in '/home/rituraj/Northeastern_University/MR/final_project/clothoid_path_ws/build/path_controller': PYTHONPATH=/home/rituraj/Northeastern_University/MR/final_project/clothoid_path_ws/build/path_controller/prefix_override:/usr/lib/python3/dist-packages/colcon_core/task/python/colcon_distutils_commands:/home/rituraj/Northeastern_University/MR/final_project/clothoid_path_ws/install/path_controller/lib/python3.10/site-packages:${PYTHONPATH} /usr/bin/python3 -W ignore:setup.py install is deprecated -W ignore:easy_install command is deprecated setup.py develop --editable --build-directory /home/rituraj/Northeastern_University/MR/final_project/clothoid_path_ws/build/path_controller/build --no-deps symlink_data
[0.690s] /home/rituraj/.local/lib/python3.10/site-packages/setuptools/_distutils/dist.py:261: UserWarning: Unknown distribution option: 'tests_require'
[0.690s]   warnings.warn(msg)
[0.834s] running develop
[1.026s] running egg_info
[1.049s] creating path_controller.egg-info
[1.052s] writing path_controller.egg-info/PKG-INFO
[1.052s] writing dependency_links to path_controller.egg-info/dependency_links.txt
[1.052s] writing requirements to path_controller.egg-info/requires.txt
[1.052s] writing top-level names to path_controller.egg-info/top_level.txt
[1.052s] writing manifest file 'path_controller.egg-info/SOURCES.txt'
[1.090s] reading manifest file 'path_controller.egg-info/SOURCES.txt'
[1.091s] writing manifest file 'path_controller.egg-info/SOURCES.txt'
[1.139s] running build_ext
[1.139s] Creating /home/rituraj/Northeastern_University/MR/final_project/clothoid_path_ws/install/path_controller/lib/python3.10/site-packages/path-controller.egg-link (link to .)
[1.140s] 
[1.140s] Installed /home/rituraj/Northeastern_University/MR/final_project/clothoid_path_ws/build/path_controller
[1.140s] running symlink_data
[1.140s] creating /home/rituraj/Northeastern_University/MR/final_project/clothoid_path_ws/install/path_controller/share/ament_index/resource_index/packages
[1.140s] symbolically linking /home/rituraj/Northeastern_University/MR/final_project/clothoid_path_ws/build/path_controller/resource/path_controller -> /home/rituraj/Northeastern_University/MR/final_project/clothoid_path_ws/install/path_controller/share/ament_index/resource_index/packages
[1.140s] symbolically linking /home/rituraj/Northeastern_University/MR/final_project/clothoid_path_ws/build/path_controller/package.xml -> /home/rituraj/Northeastern_University/MR/final_project/clothoid_path_ws/install/path_controller/share/path_controller
[1.140s] creating /home/rituraj/Northeastern_University/MR/final_project/clothoid_path_ws/install/path_controller/share/path_controller/launch
[1.140s] symbolically linking /home/rituraj/Northeastern_University/MR/final_project/clothoid_path_ws/build/path_controller/launch/robot_spawn_launch.py -> /home/rituraj/Northeastern_University/MR/final_project/clothoid_path_ws/install/path_controller/share/path_controller/launch
[1.141s] symbolically linking /home/rituraj/Northeastern_University/MR/final_project/clothoid_path_ws/build/path_controller/launch/rsp_launch.py -> /home/rituraj/Northeastern_University/MR/final_project/clothoid_path_ws/install/path_controller/share/path_controller/launch
[1.141s] creating /home/rituraj/Northeastern_University/MR/final_project/clothoid_path_ws/install/path_controller/share/path_controller/description
[1.141s] symbolically linking /home/rituraj/Northeastern_University/MR/final_project/clothoid_path_ws/build/path_controller/description/materials.xacro -> /home/rituraj/Northeastern_University/MR/final_project/clothoid_path_ws/install/path_controller/share/path_controller/description
[1.141s] symbolically linking /home/rituraj/Northeastern_University/MR/final_project/clothoid_path_ws/build/path_controller/description/gazebo_control.xacro -> /home/rituraj/Northeastern_University/MR/final_project/clothoid_path_ws/install/path_controller/share/path_controller/description
[1.141s] symbolically linking /home/rituraj/Northeastern_University/MR/final_project/clothoid_path_ws/build/path_controller/description/car.urdf.xacro -> /home/rituraj/Northeastern_University/MR/final_project/clothoid_path_ws/install/path_controller/share/path_controller/description
[1.141s] symbolically linking /home/rituraj/Northeastern_University/MR/final_project/clothoid_path_ws/build/path_controller/description/inertial_macros.xacro -> /home/rituraj/Northeastern_University/MR/final_project/clothoid_path_ws/install/path_controller/share/path_controller/description
[1.141s] symbolically linking /home/rituraj/Northeastern_University/MR/final_project/clothoid_path_ws/build/path_controller/description/car_chassis.xacro -> /home/rituraj/Northeastern_University/MR/final_project/clothoid_path_ws/install/path_controller/share/path_controller/description
[1.141s] creating /home/rituraj/Northeastern_University/MR/final_project/clothoid_path_ws/install/path_controller/share/path_controller/config
[1.141s] symbolically linking /home/rituraj/Northeastern_University/MR/final_project/clothoid_path_ws/build/path_controller/config/my_controllers.yaml -> /home/rituraj/Northeastern_University/MR/final_project/clothoid_path_ws/install/path_controller/share/path_controller/config
[1.141s] creating /home/rituraj/Northeastern_University/MR/final_project/clothoid_path_ws/install/path_controller/share/path_controller/worlds
[1.141s] symbolically linking /home/rituraj/Northeastern_University/MR/final_project/clothoid_path_ws/build/path_controller/worlds/mcity.world -> /home/rituraj/Northeastern_University/MR/final_project/clothoid_path_ws/install/path_controller/share/path_controller/worlds
[1.141s] symbolically linking /home/rituraj/Northeastern_University/MR/final_project/clothoid_path_ws/build/path_controller/worlds/building_room.world -> /home/rituraj/Northeastern_University/MR/final_project/clothoid_path_ws/install/path_controller/share/path_controller/worlds
[1.141s] symbolically linking /home/rituraj/Northeastern_University/MR/final_project/clothoid_path_ws/build/path_controller/worlds/empty.world -> /home/rituraj/Northeastern_University/MR/final_project/clothoid_path_ws/install/path_controller/share/path_controller/worlds
[1.173s] Invoked command in '/home/rituraj/Northeastern_University/MR/final_project/clothoid_path_ws/build/path_controller' returned '0': PYTHONPATH=/home/rituraj/Northeastern_University/MR/final_project/clothoid_path_ws/build/path_controller/prefix_override:/usr/lib/python3/dist-packages/colcon_core/task/python/colcon_distutils_commands:/home/rituraj/Northeastern_University/MR/final_project/clothoid_path_ws/install/path_controller/lib/python3.10/site-packages:${PYTHONPATH} /usr/bin/python3 -W ignore:setup.py install is deprecated -W ignore:easy_install command is deprecated setup.py develop --editable --build-directory /home/rituraj/Northeastern_University/MR/final_project/clothoid_path_ws/build/path_controller/build --no-deps symlink_data
